{"level":"INFO","message":"[10:34:34.615 PM]: Creating new connection object"}
{"level":"INFO","message":"[10:34:34.625 PM]: Creating Connection[id: 87855faf-4c8f-44ad-a09d-b385ec1d35de] with host: ARPPUUV-CN79982.snowflakecomputing.com, account: ARPPUUV-CN79982, accessUrl: https://ARPPUUV-CN79982.snowflakecomputing.com, user: alansj, role: ACCOUNTADMIN, database: HOUSE_INTEL_DB, schema: CORE, warehouse: COMPUTE_WH, proxy was not configured, password is provided, region: undefined, authenticator: SNOWFLAKE, ocsp mode: FAIL_OPEN, os: linux, os version: 6.17.9-2-cachyos"}
{"level":"INFO","message":"[10:34:34.626 PM]: Connection[id: 87855faf-4c8f-44ad-a09d-b385ec1d35de] additional details: passcode in password is provided, passcode is not provided, private key is not provided, application: undefined, client name: snowflake-sdk, client version: 2.3.3, retry timeout: 300, private key path: undefined, private key pass is not provided, client store temporary credential: false, browser response timeout: 120000"}
{"level":"INFO","message":"[10:34:34.626 PM]: Connection[id: 87855faf-4c8f-44ad-a09d-b385ec1d35de] - connection object created successfully."}
{"level":"INFO","message":"[10:34:34.626 PM]: Connection[id: 87855faf-4c8f-44ad-a09d-b385ec1d35de] - connecting. Associated Snowflake domain: GLOBAL"}
{"level":"INFO","message":"[10:34:34.630 PM]: Connection[id: 87855faf-4c8f-44ad-a09d-b385ec1d35de] - authentication successful using: SNOWFLAKE"}
{"level":"INFO","message":"[10:34:34.630 PM]: Trying to initialize Easy Logging"}
{"level":"INFO","message":"[10:34:34.632 PM]: No client config detected."}
{"level":"INFO","message":"[10:34:34.632 PM]: No config file path found. Client config will not be used."}
{"level":"INFO","message":"[10:34:34.632 PM]: Easy Logging is disabled as no config has been found"}
{"level":"INFO","message":"[10:34:37.138 PM]: Connection[id: 87855faf-4c8f-44ad-a09d-b385ec1d35de] - connection established successfully after 2511.5 milliseconds"}
{"level":"INFO","message":"[10:35:28.996 PM]: Creating new connection object"}
{"level":"INFO","message":"[10:35:29.005 PM]: Creating Connection[id: 21457421-09a4-4b76-850b-50ffd3c4e199] with host: ARPPUUV-CN79982.snowflakecomputing.com, account: ARPPUUV-CN79982, accessUrl: https://ARPPUUV-CN79982.snowflakecomputing.com, user: alansj, role: ACCOUNTADMIN, database: HOUSE_INTEL_DB, schema: CORE, warehouse: COMPUTE_WH, proxy was not configured, password is provided, region: undefined, authenticator: SNOWFLAKE, ocsp mode: FAIL_OPEN, os: linux, os version: 6.17.9-2-cachyos"}
{"level":"INFO","message":"[10:35:29.005 PM]: Connection[id: 21457421-09a4-4b76-850b-50ffd3c4e199] additional details: passcode in password is provided, passcode is not provided, private key is not provided, application: undefined, client name: snowflake-sdk, client version: 2.3.3, retry timeout: 300, private key path: undefined, private key pass is not provided, client store temporary credential: false, browser response timeout: 120000"}
{"level":"INFO","message":"[10:35:29.006 PM]: Connection[id: 21457421-09a4-4b76-850b-50ffd3c4e199] - connection object created successfully."}
{"level":"INFO","message":"[10:35:29.006 PM]: Connection[id: 21457421-09a4-4b76-850b-50ffd3c4e199] - connecting. Associated Snowflake domain: GLOBAL"}
{"level":"INFO","message":"[10:35:29.011 PM]: Connection[id: 21457421-09a4-4b76-850b-50ffd3c4e199] - authentication successful using: SNOWFLAKE"}
{"level":"INFO","message":"[10:35:29.011 PM]: Trying to initialize Easy Logging"}
{"level":"INFO","message":"[10:35:29.013 PM]: No client config detected."}
{"level":"INFO","message":"[10:35:29.013 PM]: No config file path found. Client config will not be used."}
{"level":"INFO","message":"[10:35:29.013 PM]: Easy Logging is disabled as no config has been found"}
{"level":"INFO","message":"[10:35:29.755 PM]: Connection[id: 21457421-09a4-4b76-850b-50ffd3c4e199] - connection established successfully after 749.05 milliseconds"}
{"level":"INFO","message":"[10:36:55.484 PM]: Creating new connection object"}
{"level":"INFO","message":"[10:36:55.490 PM]: Creating Connection[id: 422f759c-c332-49b0-b2b0-0467da5cf9a4] with host: ARPPUUV-CN79982.snowflakecomputing.com, account: ARPPUUV-CN79982, accessUrl: https://ARPPUUV-CN79982.snowflakecomputing.com, user: alansj, role: ACCOUNTADMIN, database: HOUSE_INTEL_DB, schema: CORE, warehouse: COMPUTE_WH, proxy was not configured, password is provided, region: undefined, authenticator: SNOWFLAKE, ocsp mode: FAIL_OPEN, os: linux, os version: 6.17.9-2-cachyos"}
{"level":"INFO","message":"[10:36:55.491 PM]: Connection[id: 422f759c-c332-49b0-b2b0-0467da5cf9a4] additional details: passcode in password is provided, passcode is not provided, private key is not provided, application: undefined, client name: snowflake-sdk, client version: 2.3.3, retry timeout: 300, private key path: undefined, private key pass is not provided, client store temporary credential: false, browser response timeout: 120000"}
{"level":"INFO","message":"[10:36:55.491 PM]: Connection[id: 422f759c-c332-49b0-b2b0-0467da5cf9a4] - connection object created successfully."}
{"level":"INFO","message":"[10:36:55.491 PM]: Connection[id: 422f759c-c332-49b0-b2b0-0467da5cf9a4] - connecting. Associated Snowflake domain: GLOBAL"}
{"level":"INFO","message":"[10:36:55.495 PM]: Connection[id: 422f759c-c332-49b0-b2b0-0467da5cf9a4] - authentication successful using: SNOWFLAKE"}
{"level":"INFO","message":"[10:36:55.496 PM]: Trying to initialize Easy Logging"}
{"level":"INFO","message":"[10:36:55.498 PM]: No client config detected."}
{"level":"INFO","message":"[10:36:55.499 PM]: No config file path found. Client config will not be used."}
{"level":"INFO","message":"[10:36:55.499 PM]: Easy Logging is disabled as no config has been found"}
{"level":"INFO","message":"[10:36:56.287 PM]: Connection[id: 422f759c-c332-49b0-b2b0-0467da5cf9a4] - connection established successfully after 795.7 milliseconds"}
{"level":"INFO","message":"[10:39:06.044 PM]: Creating new connection object"}
{"level":"INFO","message":"[10:39:06.052 PM]: Creating Connection[id: 8d5f6166-5ca4-499c-9fb6-4eecd95a7571] with host: ARPPUUV-CN79982.snowflakecomputing.com, account: ARPPUUV-CN79982, accessUrl: https://ARPPUUV-CN79982.snowflakecomputing.com, user: alansj, role: ACCOUNTADMIN, database: HOUSE_INTEL_DB, schema: CORE, warehouse: COMPUTE_WH, proxy was not configured, password is provided, region: undefined, authenticator: SNOWFLAKE, ocsp mode: FAIL_OPEN, os: linux, os version: 6.17.9-2-cachyos"}
{"level":"INFO","message":"[10:39:06.052 PM]: Connection[id: 8d5f6166-5ca4-499c-9fb6-4eecd95a7571] additional details: passcode in password is provided, passcode is not provided, private key is not provided, application: undefined, client name: snowflake-sdk, client version: 2.3.3, retry timeout: 300, private key path: undefined, private key pass is not provided, client store temporary credential: false, browser response timeout: 120000"}
{"level":"INFO","message":"[10:39:06.053 PM]: Connection[id: 8d5f6166-5ca4-499c-9fb6-4eecd95a7571] - connection object created successfully."}
{"level":"INFO","message":"[10:39:06.053 PM]: Connection[id: 8d5f6166-5ca4-499c-9fb6-4eecd95a7571] - connecting. Associated Snowflake domain: GLOBAL"}
{"level":"INFO","message":"[10:39:06.057 PM]: Connection[id: 8d5f6166-5ca4-499c-9fb6-4eecd95a7571] - authentication successful using: SNOWFLAKE"}
{"level":"INFO","message":"[10:39:06.057 PM]: Trying to initialize Easy Logging"}
{"level":"INFO","message":"[10:39:06.060 PM]: No client config detected."}
{"level":"INFO","message":"[10:39:06.060 PM]: No config file path found. Client config will not be used."}
{"level":"INFO","message":"[10:39:06.061 PM]: Easy Logging is disabled as no config has been found"}
{"level":"INFO","message":"[10:39:07.027 PM]: Connection[id: 8d5f6166-5ca4-499c-9fb6-4eecd95a7571] - connection established successfully after 973.61 milliseconds"}
{"level":"INFO","message":"[11:34:12.624 PM]: Creating new connection object"}
{"level":"INFO","message":"[11:34:12.634 PM]: Creating Connection[id: cbc7d458-6ba9-45e1-b4d9-069403f07110] with host: ARPPUUV-CN79982.snowflakecomputing.com, account: ARPPUUV-CN79982, accessUrl: https://ARPPUUV-CN79982.snowflakecomputing.com, user: alansj, role: ACCOUNTADMIN, database: HOUSE_INTEL_DB, schema: CORE, warehouse: COMPUTE_WH, proxy was not configured, password is provided, region: undefined, authenticator: SNOWFLAKE, ocsp mode: FAIL_OPEN, os: linux, os version: 6.17.9-2-cachyos"}
{"level":"INFO","message":"[11:34:12.635 PM]: Connection[id: cbc7d458-6ba9-45e1-b4d9-069403f07110] additional details: passcode in password is provided, passcode is not provided, private key is not provided, application: undefined, client name: snowflake-sdk, client version: 2.3.3, retry timeout: 300, private key path: undefined, private key pass is not provided, client store temporary credential: false, browser response timeout: 120000"}
{"level":"INFO","message":"[11:34:12.635 PM]: Connection[id: cbc7d458-6ba9-45e1-b4d9-069403f07110] - connection object created successfully."}
{"level":"INFO","message":"[11:34:12.635 PM]: Connection[id: cbc7d458-6ba9-45e1-b4d9-069403f07110] - connecting. Associated Snowflake domain: GLOBAL"}
{"level":"INFO","message":"[11:34:12.639 PM]: Connection[id: cbc7d458-6ba9-45e1-b4d9-069403f07110] - authentication successful using: SNOWFLAKE"}
{"level":"INFO","message":"[11:34:12.640 PM]: Trying to initialize Easy Logging"}
{"level":"INFO","message":"[11:34:12.642 PM]: No client config detected."}
{"level":"INFO","message":"[11:34:12.642 PM]: No config file path found. Client config will not be used."}
{"level":"INFO","message":"[11:34:12.642 PM]: Easy Logging is disabled as no config has been found"}
{"level":"INFO","message":"[11:34:13.599 PM]: Connection[id: cbc7d458-6ba9-45e1-b4d9-069403f07110] - connection established successfully after 963.81 milliseconds"}
{"level":"INFO","message":"[11:35:59.126 PM]: Creating new connection object"}
{"level":"INFO","message":"[11:35:59.134 PM]: Creating Connection[id: 6e07cbe1-8d2c-4b98-80c9-9e25ac16c03e] with host: ARPPUUV-CN79982.snowflakecomputing.com, account: ARPPUUV-CN79982, accessUrl: https://ARPPUUV-CN79982.snowflakecomputing.com, user: alansj, role: ACCOUNTADMIN, database: HOUSE_INTEL_DB, schema: CORE, warehouse: COMPUTE_WH, proxy was not configured, password is provided, region: undefined, authenticator: SNOWFLAKE, ocsp mode: FAIL_OPEN, os: linux, os version: 6.17.9-2-cachyos"}
{"level":"INFO","message":"[11:35:59.134 PM]: Connection[id: 6e07cbe1-8d2c-4b98-80c9-9e25ac16c03e] additional details: passcode in password is provided, passcode is not provided, private key is not provided, application: undefined, client name: snowflake-sdk, client version: 2.3.3, retry timeout: 300, private key path: undefined, private key pass is not provided, client store temporary credential: false, browser response timeout: 120000"}
{"level":"INFO","message":"[11:35:59.135 PM]: Connection[id: 6e07cbe1-8d2c-4b98-80c9-9e25ac16c03e] - connection object created successfully."}
{"level":"INFO","message":"[11:35:59.135 PM]: Connection[id: 6e07cbe1-8d2c-4b98-80c9-9e25ac16c03e] - connecting. Associated Snowflake domain: GLOBAL"}
{"level":"INFO","message":"[11:35:59.139 PM]: Connection[id: 6e07cbe1-8d2c-4b98-80c9-9e25ac16c03e] - authentication successful using: SNOWFLAKE"}
{"level":"INFO","message":"[11:35:59.140 PM]: Trying to initialize Easy Logging"}
{"level":"INFO","message":"[11:35:59.142 PM]: No client config detected."}
{"level":"INFO","message":"[11:35:59.142 PM]: No config file path found. Client config will not be used."}
{"level":"INFO","message":"[11:35:59.143 PM]: Easy Logging is disabled as no config has been found"}
{"level":"INFO","message":"[11:35:59.897 PM]: Connection[id: 6e07cbe1-8d2c-4b98-80c9-9e25ac16c03e] - connection established successfully after 761.91 milliseconds"}
{"level":"INFO","message":"[11:40:29.563 PM]: Creating new connection object"}
{"level":"INFO","message":"[11:40:29.572 PM]: Creating Connection[id: fa95da8d-18a8-457c-9ba4-93db4e47b340] with host: ARPPUUV-CN79982.snowflakecomputing.com, account: ARPPUUV-CN79982, accessUrl: https://ARPPUUV-CN79982.snowflakecomputing.com, user: alansj, role: ACCOUNTADMIN, database: HOUSE_INTEL_DB, schema: CORE, warehouse: COMPUTE_WH, proxy was not configured, password is provided, region: undefined, authenticator: SNOWFLAKE, ocsp mode: FAIL_OPEN, os: linux, os version: 6.17.9-2-cachyos"}
{"level":"INFO","message":"[11:40:29.573 PM]: Connection[id: fa95da8d-18a8-457c-9ba4-93db4e47b340] additional details: passcode in password is provided, passcode is not provided, private key is not provided, application: undefined, client name: snowflake-sdk, client version: 2.3.3, retry timeout: 300, private key path: undefined, private key pass is not provided, client store temporary credential: false, browser response timeout: 120000"}
{"level":"INFO","message":"[11:40:29.573 PM]: Connection[id: fa95da8d-18a8-457c-9ba4-93db4e47b340] - connection object created successfully."}
{"level":"INFO","message":"[11:40:29.573 PM]: Connection[id: fa95da8d-18a8-457c-9ba4-93db4e47b340] - connecting. Associated Snowflake domain: GLOBAL"}
{"level":"INFO","message":"[11:40:29.579 PM]: Connection[id: fa95da8d-18a8-457c-9ba4-93db4e47b340] - authentication successful using: SNOWFLAKE"}
{"level":"INFO","message":"[11:40:29.580 PM]: Trying to initialize Easy Logging"}
{"level":"INFO","message":"[11:40:29.582 PM]: No client config detected."}
{"level":"INFO","message":"[11:40:29.582 PM]: No config file path found. Client config will not be used."}
{"level":"INFO","message":"[11:40:29.582 PM]: Easy Logging is disabled as no config has been found"}
{"level":"INFO","message":"[11:40:30.728 PM]: Connection[id: fa95da8d-18a8-457c-9ba4-93db4e47b340] - connection established successfully after 1154.63 milliseconds"}
{"level":"INFO","message":"[11:41:48.106 PM]: Creating new connection object"}
{"level":"INFO","message":"[11:41:48.113 PM]: Creating Connection[id: 33a28437-a2a1-4f83-a152-c5d36a22de15] with host: ARPPUUV-CN79982.snowflakecomputing.com, account: ARPPUUV-CN79982, accessUrl: https://ARPPUUV-CN79982.snowflakecomputing.com, user: alansj, role: ACCOUNTADMIN, database: HOUSE_INTEL_DB, schema: CORE, warehouse: COMPUTE_WH, proxy was not configured, password is provided, region: undefined, authenticator: SNOWFLAKE, ocsp mode: FAIL_OPEN, os: linux, os version: 6.17.9-2-cachyos"}
{"level":"INFO","message":"[11:41:48.114 PM]: Connection[id: 33a28437-a2a1-4f83-a152-c5d36a22de15] additional details: passcode in password is provided, passcode is not provided, private key is not provided, application: undefined, client name: snowflake-sdk, client version: 2.3.3, retry timeout: 300, private key path: undefined, private key pass is not provided, client store temporary credential: false, browser response timeout: 120000"}
{"level":"INFO","message":"[11:41:48.114 PM]: Connection[id: 33a28437-a2a1-4f83-a152-c5d36a22de15] - connection object created successfully."}
{"level":"INFO","message":"[11:41:48.114 PM]: Connection[id: 33a28437-a2a1-4f83-a152-c5d36a22de15] - connecting. Associated Snowflake domain: GLOBAL"}
{"level":"INFO","message":"[11:41:48.120 PM]: Connection[id: 33a28437-a2a1-4f83-a152-c5d36a22de15] - authentication successful using: SNOWFLAKE"}
{"level":"INFO","message":"[11:41:48.121 PM]: Trying to initialize Easy Logging"}
{"level":"INFO","message":"[11:41:48.123 PM]: No client config detected."}
{"level":"INFO","message":"[11:41:48.123 PM]: No config file path found. Client config will not be used."}
{"level":"INFO","message":"[11:41:48.124 PM]: Easy Logging is disabled as no config has been found"}
{"level":"INFO","message":"[11:41:48.940 PM]: Connection[id: 33a28437-a2a1-4f83-a152-c5d36a22de15] - connection established successfully after 825.29 milliseconds"}
{"level":"INFO","message":"[11:43:35.175 PM]: Creating new connection object"}
{"level":"INFO","message":"[11:43:35.182 PM]: Creating Connection[id: 899addc1-c247-4c9f-bc3f-bbce9903cf86] with host: ARPPUUV-CN79982.snowflakecomputing.com, account: ARPPUUV-CN79982, accessUrl: https://ARPPUUV-CN79982.snowflakecomputing.com, user: alansj, role: ACCOUNTADMIN, database: HOUSE_INTEL_DB, schema: CORE, warehouse: COMPUTE_WH, proxy was not configured, password is provided, region: undefined, authenticator: SNOWFLAKE, ocsp mode: FAIL_OPEN, os: linux, os version: 6.17.9-2-cachyos"}
{"level":"INFO","message":"[11:43:35.183 PM]: Connection[id: 899addc1-c247-4c9f-bc3f-bbce9903cf86] additional details: passcode in password is provided, passcode is not provided, private key is not provided, application: undefined, client name: snowflake-sdk, client version: 2.3.3, retry timeout: 300, private key path: undefined, private key pass is not provided, client store temporary credential: false, browser response timeout: 120000"}
{"level":"INFO","message":"[11:43:35.183 PM]: Connection[id: 899addc1-c247-4c9f-bc3f-bbce9903cf86] - connection object created successfully."}
{"level":"INFO","message":"[11:43:35.183 PM]: Connection[id: 899addc1-c247-4c9f-bc3f-bbce9903cf86] - connecting. Associated Snowflake domain: GLOBAL"}
{"level":"INFO","message":"[11:43:35.191 PM]: Connection[id: 899addc1-c247-4c9f-bc3f-bbce9903cf86] - authentication successful using: SNOWFLAKE"}
{"level":"INFO","message":"[11:43:35.192 PM]: Trying to initialize Easy Logging"}
{"level":"INFO","message":"[11:43:35.195 PM]: No client config detected."}
{"level":"INFO","message":"[11:43:35.195 PM]: No config file path found. Client config will not be used."}
{"level":"INFO","message":"[11:43:35.195 PM]: Easy Logging is disabled as no config has been found"}
{"level":"INFO","message":"[11:43:36.251 PM]: Connection[id: 899addc1-c247-4c9f-bc3f-bbce9903cf86] - connection established successfully after 1067.88 milliseconds"}
{"level":"INFO","message":"[11:45:37.056 PM]: Creating new connection object"}
{"level":"INFO","message":"[11:45:37.063 PM]: Creating Connection[id: b5346a72-a554-4792-9c52-3ab3239d1e74] with host: ARPPUUV-CN79982.snowflakecomputing.com, account: ARPPUUV-CN79982, accessUrl: https://ARPPUUV-CN79982.snowflakecomputing.com, user: alansj, role: ACCOUNTADMIN, database: HOUSE_INTEL_DB, schema: CORE, warehouse: COMPUTE_WH, proxy was not configured, password is provided, region: undefined, authenticator: SNOWFLAKE, ocsp mode: FAIL_OPEN, os: linux, os version: 6.17.9-2-cachyos"}
{"level":"INFO","message":"[11:45:37.063 PM]: Connection[id: b5346a72-a554-4792-9c52-3ab3239d1e74] additional details: passcode in password is provided, passcode is not provided, private key is not provided, application: undefined, client name: snowflake-sdk, client version: 2.3.3, retry timeout: 300, private key path: undefined, private key pass is not provided, client store temporary credential: false, browser response timeout: 120000"}
{"level":"INFO","message":"[11:45:37.063 PM]: Connection[id: b5346a72-a554-4792-9c52-3ab3239d1e74] - connection object created successfully."}
{"level":"INFO","message":"[11:45:37.063 PM]: Connection[id: b5346a72-a554-4792-9c52-3ab3239d1e74] - connecting. Associated Snowflake domain: GLOBAL"}
{"level":"INFO","message":"[11:45:37.069 PM]: Connection[id: b5346a72-a554-4792-9c52-3ab3239d1e74] - authentication successful using: SNOWFLAKE"}
{"level":"INFO","message":"[11:45:37.069 PM]: Trying to initialize Easy Logging"}
{"level":"INFO","message":"[11:45:37.071 PM]: No client config detected."}
{"level":"INFO","message":"[11:45:37.071 PM]: No config file path found. Client config will not be used."}
{"level":"INFO","message":"[11:45:37.072 PM]: Easy Logging is disabled as no config has been found"}
{"level":"INFO","message":"[11:45:38.047 PM]: Connection[id: b5346a72-a554-4792-9c52-3ab3239d1e74] - connection established successfully after 983.45 milliseconds"}
{"level":"INFO","message":"[11:51:48.526 PM]: Creating new connection object"}
{"level":"INFO","message":"[11:51:48.534 PM]: Creating Connection[id: 17210ed5-2f6f-4b79-a512-43b50e1fc482] with host: ARPPUUV-CN79982.snowflakecomputing.com, account: ARPPUUV-CN79982, accessUrl: https://ARPPUUV-CN79982.snowflakecomputing.com, user: alansj, role: ACCOUNTADMIN, database: HOUSE_INTEL_DB, schema: CORE, warehouse: COMPUTE_WH, proxy was not configured, password is provided, region: undefined, authenticator: SNOWFLAKE, ocsp mode: FAIL_OPEN, os: linux, os version: 6.17.9-2-cachyos"}
{"level":"INFO","message":"[11:51:48.535 PM]: Connection[id: 17210ed5-2f6f-4b79-a512-43b50e1fc482] additional details: passcode in password is provided, passcode is not provided, private key is not provided, application: undefined, client name: snowflake-sdk, client version: 2.3.3, retry timeout: 300, private key path: undefined, private key pass is not provided, client store temporary credential: false, browser response timeout: 120000"}
{"level":"INFO","message":"[11:51:48.535 PM]: Connection[id: 17210ed5-2f6f-4b79-a512-43b50e1fc482] - connection object created successfully."}
{"level":"INFO","message":"[11:51:48.535 PM]: Connection[id: 17210ed5-2f6f-4b79-a512-43b50e1fc482] - connecting. Associated Snowflake domain: GLOBAL"}
{"level":"INFO","message":"[11:51:48.542 PM]: Connection[id: 17210ed5-2f6f-4b79-a512-43b50e1fc482] - authentication successful using: SNOWFLAKE"}
{"level":"INFO","message":"[11:51:48.542 PM]: Trying to initialize Easy Logging"}
{"level":"INFO","message":"[11:51:48.544 PM]: No client config detected."}
{"level":"INFO","message":"[11:51:48.545 PM]: No config file path found. Client config will not be used."}
{"level":"INFO","message":"[11:51:48.545 PM]: Easy Logging is disabled as no config has been found"}
{"level":"INFO","message":"[11:51:54.228 PM]: Connection[id: 17210ed5-2f6f-4b79-a512-43b50e1fc482] - connection established successfully after 5692.65 milliseconds"}
{"level":"INFO","message":"[11:55:09.994 PM]: Creating new connection object"}
{"level":"INFO","message":"[11:55:10.001 PM]: Creating Connection[id: 66c27d46-0ce4-4b36-9a25-68e4a82db146] with host: ARPPUUV-CN79982.snowflakecomputing.com, account: ARPPUUV-CN79982, accessUrl: https://ARPPUUV-CN79982.snowflakecomputing.com, user: alansj, role: ACCOUNTADMIN, database: HOUSE_INTEL_DB, schema: CORE, warehouse: COMPUTE_WH, proxy was not configured, password is provided, region: undefined, authenticator: SNOWFLAKE, ocsp mode: FAIL_OPEN, os: linux, os version: 6.17.9-2-cachyos"}
{"level":"INFO","message":"[11:55:10.001 PM]: Connection[id: 66c27d46-0ce4-4b36-9a25-68e4a82db146] additional details: passcode in password is provided, passcode is not provided, private key is not provided, application: undefined, client name: snowflake-sdk, client version: 2.3.3, retry timeout: 300, private key path: undefined, private key pass is not provided, client store temporary credential: false, browser response timeout: 120000"}
{"level":"INFO","message":"[11:55:10.001 PM]: Connection[id: 66c27d46-0ce4-4b36-9a25-68e4a82db146] - connection object created successfully."}
{"level":"INFO","message":"[11:55:10.002 PM]: Connection[id: 66c27d46-0ce4-4b36-9a25-68e4a82db146] - connecting. Associated Snowflake domain: GLOBAL"}
{"level":"INFO","message":"[11:55:10.124 PM]: Connection[id: 66c27d46-0ce4-4b36-9a25-68e4a82db146] - authentication successful using: SNOWFLAKE"}
{"level":"INFO","message":"[11:55:10.125 PM]: Trying to initialize Easy Logging"}
{"level":"INFO","message":"[11:55:10.127 PM]: No client config detected."}
{"level":"INFO","message":"[11:55:10.127 PM]: No config file path found. Client config will not be used."}
{"level":"INFO","message":"[11:55:10.128 PM]: Easy Logging is disabled as no config has been found"}
{"level":"INFO","message":"[11:55:10.941 PM]: Connection[id: 66c27d46-0ce4-4b36-9a25-68e4a82db146] - connection established successfully after 939.16 milliseconds"}
{"level":"INFO","message":"[12:03:19.047 AM]: Creating new connection object"}
{"level":"INFO","message":"[12:03:19.055 AM]: Creating Connection[id: a4c8814d-0a74-4a82-bd71-a9a267172fee] with host: ARPPUUV-CN79982.snowflakecomputing.com, account: ARPPUUV-CN79982, accessUrl: https://ARPPUUV-CN79982.snowflakecomputing.com, user: alansj, role: ACCOUNTADMIN, database: HOUSE_INTEL_DB, schema: CORE, warehouse: COMPUTE_WH, proxy was not configured, password is provided, region: undefined, authenticator: SNOWFLAKE, ocsp mode: FAIL_OPEN, os: linux, os version: 6.17.9-2-cachyos"}
{"level":"INFO","message":"[12:03:19.055 AM]: Connection[id: a4c8814d-0a74-4a82-bd71-a9a267172fee] additional details: passcode in password is provided, passcode is not provided, private key is not provided, application: undefined, client name: snowflake-sdk, client version: 2.3.3, retry timeout: 300, private key path: undefined, private key pass is not provided, client store temporary credential: false, browser response timeout: 120000"}
{"level":"INFO","message":"[12:03:19.055 AM]: Connection[id: a4c8814d-0a74-4a82-bd71-a9a267172fee] - connection object created successfully."}
{"level":"INFO","message":"[12:03:19.055 AM]: Connection[id: a4c8814d-0a74-4a82-bd71-a9a267172fee] - connecting. Associated Snowflake domain: GLOBAL"}
{"level":"INFO","message":"[12:03:19.134 AM]: Connection[id: a4c8814d-0a74-4a82-bd71-a9a267172fee] - authentication successful using: SNOWFLAKE"}
{"level":"INFO","message":"[12:03:19.135 AM]: Trying to initialize Easy Logging"}
{"level":"INFO","message":"[12:03:19.136 AM]: No client config detected."}
{"level":"INFO","message":"[12:03:19.136 AM]: No config file path found. Client config will not be used."}
{"level":"INFO","message":"[12:03:19.137 AM]: Easy Logging is disabled as no config has been found"}
{"level":"INFO","message":"[12:03:19.955 AM]: Connection[id: a4c8814d-0a74-4a82-bd71-a9a267172fee] - connection established successfully after 898.9 milliseconds"}
{"level":"INFO","message":"[12:30:19.195 AM]: Creating new connection object"}
{"level":"INFO","message":"[12:30:19.207 AM]: Creating Connection[id: 8172b80e-04d7-4555-a9ad-c88a41e7689e] with host: ARPPUUV-CN79982.snowflakecomputing.com, account: ARPPUUV-CN79982, accessUrl: https://ARPPUUV-CN79982.snowflakecomputing.com, user: alansj, role: ACCOUNTADMIN, database: HOUSE_INTEL_DB, schema: CORE, warehouse: COMPUTE_WH, proxy was not configured, password is provided, region: undefined, authenticator: SNOWFLAKE, ocsp mode: FAIL_OPEN, os: linux, os version: 6.17.9-2-cachyos"}
{"level":"INFO","message":"[12:30:19.207 AM]: Connection[id: 8172b80e-04d7-4555-a9ad-c88a41e7689e] additional details: passcode in password is provided, passcode is not provided, private key is not provided, application: undefined, client name: snowflake-sdk, client version: 2.3.3, retry timeout: 300, private key path: undefined, private key pass is not provided, client store temporary credential: false, browser response timeout: 120000"}
{"level":"INFO","message":"[12:30:19.208 AM]: Connection[id: 8172b80e-04d7-4555-a9ad-c88a41e7689e] - connection object created successfully."}
{"level":"INFO","message":"[12:30:19.208 AM]: Connection[id: 8172b80e-04d7-4555-a9ad-c88a41e7689e] - connecting. Associated Snowflake domain: GLOBAL"}
{"level":"INFO","message":"[12:30:19.284 AM]: Connection[id: 8172b80e-04d7-4555-a9ad-c88a41e7689e] - authentication successful using: SNOWFLAKE"}
{"level":"INFO","message":"[12:30:19.284 AM]: Trying to initialize Easy Logging"}
{"level":"INFO","message":"[12:30:19.286 AM]: No client config detected."}
{"level":"INFO","message":"[12:30:19.286 AM]: No config file path found. Client config will not be used."}
{"level":"INFO","message":"[12:30:19.287 AM]: Easy Logging is disabled as no config has been found"}
{"level":"INFO","message":"[12:30:20.427 AM]: Connection[id: 8172b80e-04d7-4555-a9ad-c88a41e7689e] - connection established successfully after 1218.89 milliseconds"}
{"level":"INFO","message":"[12:32:08.483 AM]: Creating new connection object"}
{"level":"INFO","message":"[12:32:08.492 AM]: Creating Connection[id: 720f19e0-d003-4cc4-ab28-54173cdc5e36] with host: ARPPUUV-CN79982.snowflakecomputing.com, account: ARPPUUV-CN79982, accessUrl: https://ARPPUUV-CN79982.snowflakecomputing.com, user: alansj, role: ACCOUNTADMIN, database: HOUSE_INTEL_DB, schema: CORE, warehouse: COMPUTE_WH, proxy was not configured, password is provided, region: undefined, authenticator: SNOWFLAKE, ocsp mode: FAIL_OPEN, os: linux, os version: 6.17.9-2-cachyos"}
{"level":"INFO","message":"[12:32:08.492 AM]: Connection[id: 720f19e0-d003-4cc4-ab28-54173cdc5e36] additional details: passcode in password is provided, passcode is not provided, private key is not provided, application: undefined, client name: snowflake-sdk, client version: 2.3.3, retry timeout: 300, private key path: undefined, private key pass is not provided, client store temporary credential: false, browser response timeout: 120000"}
{"level":"INFO","message":"[12:32:08.492 AM]: Connection[id: 720f19e0-d003-4cc4-ab28-54173cdc5e36] - connection object created successfully."}
{"level":"INFO","message":"[12:32:08.493 AM]: Connection[id: 720f19e0-d003-4cc4-ab28-54173cdc5e36] - connecting. Associated Snowflake domain: GLOBAL"}
{"level":"INFO","message":"[12:32:08.571 AM]: Connection[id: 720f19e0-d003-4cc4-ab28-54173cdc5e36] - authentication successful using: SNOWFLAKE"}
{"level":"INFO","message":"[12:32:08.571 AM]: Trying to initialize Easy Logging"}
{"level":"INFO","message":"[12:32:08.575 AM]: No client config detected."}
{"level":"INFO","message":"[12:32:08.576 AM]: No config file path found. Client config will not be used."}
{"level":"INFO","message":"[12:32:08.576 AM]: Easy Logging is disabled as no config has been found"}
{"level":"INFO","message":"[12:32:09.339 AM]: Connection[id: 720f19e0-d003-4cc4-ab28-54173cdc5e36] - connection established successfully after 846.4 milliseconds"}
{"level":"INFO","message":"[1:05:28.948 AM]: Creating new connection object"}
{"level":"INFO","message":"[1:05:28.959 AM]: Creating Connection[id: 0a0056b1-a7bf-43b2-a5a0-f28ab09dc3db] with host: ARPPUUV-CN79982.snowflakecomputing.com, account: ARPPUUV-CN79982, accessUrl: https://ARPPUUV-CN79982.snowflakecomputing.com, user: alansj, role: ACCOUNTADMIN, database: HOUSE_INTEL_DB, schema: CORE, warehouse: COMPUTE_WH, proxy was not configured, password is provided, region: undefined, authenticator: SNOWFLAKE, ocsp mode: FAIL_OPEN, os: linux, os version: 6.17.9-2-cachyos"}
{"level":"INFO","message":"[1:05:28.960 AM]: Connection[id: 0a0056b1-a7bf-43b2-a5a0-f28ab09dc3db] additional details: passcode in password is provided, passcode is not provided, private key is not provided, application: undefined, client name: snowflake-sdk, client version: 2.3.3, retry timeout: 300, private key path: undefined, private key pass is not provided, client store temporary credential: false, browser response timeout: 120000"}
{"level":"INFO","message":"[1:05:28.960 AM]: Connection[id: 0a0056b1-a7bf-43b2-a5a0-f28ab09dc3db] - connection object created successfully."}
{"level":"INFO","message":"[1:05:28.960 AM]: Connection[id: 0a0056b1-a7bf-43b2-a5a0-f28ab09dc3db] - connecting. Associated Snowflake domain: GLOBAL"}
{"level":"INFO","message":"[1:05:29.039 AM]: Connection[id: 0a0056b1-a7bf-43b2-a5a0-f28ab09dc3db] - authentication successful using: SNOWFLAKE"}
{"level":"INFO","message":"[1:05:29.040 AM]: Trying to initialize Easy Logging"}
{"level":"INFO","message":"[1:05:29.041 AM]: No client config detected."}
{"level":"INFO","message":"[1:05:29.042 AM]: No config file path found. Client config will not be used."}
{"level":"INFO","message":"[1:05:29.042 AM]: Easy Logging is disabled as no config has been found"}
{"level":"INFO","message":"[1:05:29.822 AM]: Connection[id: 0a0056b1-a7bf-43b2-a5a0-f28ab09dc3db] - connection established successfully after 861.51 milliseconds"}
{"level":"INFO","message":"[1:08:23.170 AM]: Creating new connection object"}
{"level":"INFO","message":"[1:08:23.177 AM]: Creating Connection[id: f3ae16de-b178-4bfd-8b1f-c0638dae7f0b] with host: ARPPUUV-CN79982.snowflakecomputing.com, account: ARPPUUV-CN79982, accessUrl: https://ARPPUUV-CN79982.snowflakecomputing.com, user: alansj, role: ACCOUNTADMIN, database: HOUSE_INTEL_DB, schema: CORE, warehouse: COMPUTE_WH, proxy was not configured, password is provided, region: undefined, authenticator: SNOWFLAKE, ocsp mode: FAIL_OPEN, os: linux, os version: 6.17.9-2-cachyos"}
{"level":"INFO","message":"[1:08:23.177 AM]: Connection[id: f3ae16de-b178-4bfd-8b1f-c0638dae7f0b] additional details: passcode in password is provided, passcode is not provided, private key is not provided, application: undefined, client name: snowflake-sdk, client version: 2.3.3, retry timeout: 300, private key path: undefined, private key pass is not provided, client store temporary credential: false, browser response timeout: 120000"}
{"level":"INFO","message":"[1:08:23.177 AM]: Connection[id: f3ae16de-b178-4bfd-8b1f-c0638dae7f0b] - connection object created successfully."}
{"level":"INFO","message":"[1:08:23.178 AM]: Connection[id: f3ae16de-b178-4bfd-8b1f-c0638dae7f0b] - connecting. Associated Snowflake domain: GLOBAL"}
{"level":"INFO","message":"[1:08:23.255 AM]: Connection[id: f3ae16de-b178-4bfd-8b1f-c0638dae7f0b] - authentication successful using: SNOWFLAKE"}
{"level":"INFO","message":"[1:08:23.256 AM]: Trying to initialize Easy Logging"}
{"level":"INFO","message":"[1:08:23.258 AM]: No client config detected."}
{"level":"INFO","message":"[1:08:23.258 AM]: No config file path found. Client config will not be used."}
{"level":"INFO","message":"[1:08:23.258 AM]: Easy Logging is disabled as no config has been found"}
{"level":"INFO","message":"[1:08:24.110 AM]: Connection[id: f3ae16de-b178-4bfd-8b1f-c0638dae7f0b] - connection established successfully after 932.07 milliseconds"}
{"level":"INFO","message":"[1:08:58.474 AM]: Creating new connection object"}
{"level":"INFO","message":"[1:08:58.482 AM]: Creating Connection[id: 36ffae7d-4429-435b-bc6e-898e50c17e15] with host: ARPPUUV-CN79982.snowflakecomputing.com, account: ARPPUUV-CN79982, accessUrl: https://ARPPUUV-CN79982.snowflakecomputing.com, user: alansj, role: ACCOUNTADMIN, database: HOUSE_INTEL_DB, schema: CORE, warehouse: COMPUTE_WH, proxy was not configured, password is provided, region: undefined, authenticator: SNOWFLAKE, ocsp mode: FAIL_OPEN, os: linux, os version: 6.17.9-2-cachyos"}
{"level":"INFO","message":"[1:08:58.482 AM]: Connection[id: 36ffae7d-4429-435b-bc6e-898e50c17e15] additional details: passcode in password is provided, passcode is not provided, private key is not provided, application: undefined, client name: snowflake-sdk, client version: 2.3.3, retry timeout: 300, private key path: undefined, private key pass is not provided, client store temporary credential: false, browser response timeout: 120000"}
{"level":"INFO","message":"[1:08:58.483 AM]: Connection[id: 36ffae7d-4429-435b-bc6e-898e50c17e15] - connection object created successfully."}
{"level":"INFO","message":"[1:08:58.483 AM]: Connection[id: 36ffae7d-4429-435b-bc6e-898e50c17e15] - connecting. Associated Snowflake domain: GLOBAL"}
{"level":"INFO","message":"[1:08:58.558 AM]: Connection[id: 36ffae7d-4429-435b-bc6e-898e50c17e15] - authentication successful using: SNOWFLAKE"}
{"level":"INFO","message":"[1:08:58.559 AM]: Trying to initialize Easy Logging"}
{"level":"INFO","message":"[1:08:58.561 AM]: No client config detected."}
{"level":"INFO","message":"[1:08:58.561 AM]: No config file path found. Client config will not be used."}
{"level":"INFO","message":"[1:08:58.561 AM]: Easy Logging is disabled as no config has been found"}
{"level":"INFO","message":"[1:08:59.265 AM]: Connection[id: 36ffae7d-4429-435b-bc6e-898e50c17e15] - connection established successfully after 782.43 milliseconds"}
{"level":"INFO","message":"[1:12:03.883 AM]: Creating new connection object"}
{"level":"INFO","message":"[1:12:03.891 AM]: Creating Connection[id: 52c35d7f-b6c5-440b-89b2-455f8cbb0642] with host: ARPPUUV-CN79982.snowflakecomputing.com, account: ARPPUUV-CN79982, accessUrl: https://ARPPUUV-CN79982.snowflakecomputing.com, user: alansj, role: ACCOUNTADMIN, database: HOUSE_INTEL_DB, schema: CORE, warehouse: COMPUTE_WH, proxy was not configured, password is provided, region: undefined, authenticator: SNOWFLAKE, ocsp mode: FAIL_OPEN, os: linux, os version: 6.17.9-2-cachyos"}
{"level":"INFO","message":"[1:12:03.892 AM]: Connection[id: 52c35d7f-b6c5-440b-89b2-455f8cbb0642] additional details: passcode in password is provided, passcode is not provided, private key is not provided, application: undefined, client name: snowflake-sdk, client version: 2.3.3, retry timeout: 300, private key path: undefined, private key pass is not provided, client store temporary credential: false, browser response timeout: 120000"}
{"level":"INFO","message":"[1:12:03.892 AM]: Connection[id: 52c35d7f-b6c5-440b-89b2-455f8cbb0642] - connection object created successfully."}
{"level":"INFO","message":"[1:12:03.892 AM]: Connection[id: 52c35d7f-b6c5-440b-89b2-455f8cbb0642] - connecting. Associated Snowflake domain: GLOBAL"}
{"level":"INFO","message":"[1:12:03.966 AM]: Connection[id: 52c35d7f-b6c5-440b-89b2-455f8cbb0642] - authentication successful using: SNOWFLAKE"}
{"level":"INFO","message":"[1:12:03.967 AM]: Trying to initialize Easy Logging"}
{"level":"INFO","message":"[1:12:03.968 AM]: No client config detected."}
{"level":"INFO","message":"[1:12:03.968 AM]: No config file path found. Client config will not be used."}
{"level":"INFO","message":"[1:12:03.969 AM]: Easy Logging is disabled as no config has been found"}
{"level":"INFO","message":"[1:12:04.775 AM]: Connection[id: 52c35d7f-b6c5-440b-89b2-455f8cbb0642] - connection established successfully after 882.4 milliseconds"}
{"level":"INFO","message":"[3:51:53.239 AM]: Creating new connection object"}
{"level":"INFO","message":"[3:51:53.246 AM]: Creating Connection[id: 7f84024e-20c1-4efb-9261-97115b72bc83] with host: ARPPUUV-CN79982.snowflakecomputing.com, account: ARPPUUV-CN79982, accessUrl: https://ARPPUUV-CN79982.snowflakecomputing.com, user: alansj, role: ACCOUNTADMIN, database: HOUSE_INTEL_DB, schema: CORE, warehouse: COMPUTE_WH, proxy was not configured, password is provided, region: undefined, authenticator: SNOWFLAKE, ocsp mode: FAIL_OPEN, os: linux, os version: 6.17.9-2-cachyos"}
{"level":"INFO","message":"[3:51:53.247 AM]: Connection[id: 7f84024e-20c1-4efb-9261-97115b72bc83] additional details: passcode in password is provided, passcode is not provided, private key is not provided, application: undefined, client name: snowflake-sdk, client version: 2.3.3, retry timeout: 300, private key path: undefined, private key pass is not provided, client store temporary credential: false, browser response timeout: 120000"}
{"level":"INFO","message":"[3:51:53.247 AM]: Connection[id: 7f84024e-20c1-4efb-9261-97115b72bc83] - connection object created successfully."}
{"level":"INFO","message":"[3:51:53.247 AM]: Connection[id: 7f84024e-20c1-4efb-9261-97115b72bc83] - connecting. Associated Snowflake domain: GLOBAL"}
{"level":"INFO","message":"[3:51:53.326 AM]: Connection[id: 7f84024e-20c1-4efb-9261-97115b72bc83] - authentication successful using: SNOWFLAKE"}
{"level":"INFO","message":"[3:51:53.326 AM]: Trying to initialize Easy Logging"}
{"level":"INFO","message":"[3:51:53.328 AM]: No client config detected."}
{"level":"INFO","message":"[3:51:53.328 AM]: No config file path found. Client config will not be used."}
{"level":"INFO","message":"[3:51:53.328 AM]: Easy Logging is disabled as no config has been found"}
{"level":"INFO","message":"[3:51:54.104 AM]: Connection[id: 7f84024e-20c1-4efb-9261-97115b72bc83] - connection established successfully after 856.08 milliseconds"}
{"level":"INFO","message":"[3:53:48.180 AM]: Creating new connection object"}
{"level":"INFO","message":"[3:53:48.189 AM]: Creating Connection[id: 158fda1a-5773-4d03-a8c8-94d37e857c23] with host: ARPPUUV-CN79982.snowflakecomputing.com, account: ARPPUUV-CN79982, accessUrl: https://ARPPUUV-CN79982.snowflakecomputing.com, user: alansj, role: ACCOUNTADMIN, database: HOUSE_INTEL_DB, schema: CORE, warehouse: COMPUTE_WH, proxy was not configured, password is provided, region: undefined, authenticator: SNOWFLAKE, ocsp mode: FAIL_OPEN, os: linux, os version: 6.17.9-2-cachyos"}
{"level":"INFO","message":"[3:53:48.189 AM]: Connection[id: 158fda1a-5773-4d03-a8c8-94d37e857c23] additional details: passcode in password is provided, passcode is not provided, private key is not provided, application: undefined, client name: snowflake-sdk, client version: 2.3.3, retry timeout: 300, private key path: undefined, private key pass is not provided, client store temporary credential: false, browser response timeout: 120000"}
{"level":"INFO","message":"[3:53:48.190 AM]: Connection[id: 158fda1a-5773-4d03-a8c8-94d37e857c23] - connection object created successfully."}
{"level":"INFO","message":"[3:53:48.190 AM]: Connection[id: 158fda1a-5773-4d03-a8c8-94d37e857c23] - connecting. Associated Snowflake domain: GLOBAL"}
{"level":"INFO","message":"[3:53:48.280 AM]: Connection[id: 158fda1a-5773-4d03-a8c8-94d37e857c23] - authentication successful using: SNOWFLAKE"}
{"level":"INFO","message":"[3:53:48.280 AM]: Trying to initialize Easy Logging"}
{"level":"INFO","message":"[3:53:48.282 AM]: No client config detected."}
{"level":"INFO","message":"[3:53:48.282 AM]: No config file path found. Client config will not be used."}
{"level":"INFO","message":"[3:53:48.283 AM]: Easy Logging is disabled as no config has been found"}
{"level":"INFO","message":"[3:53:49.023 AM]: Connection[id: 158fda1a-5773-4d03-a8c8-94d37e857c23] - connection established successfully after 832.59 milliseconds"}
{"level":"INFO","message":"[3:58:31.294 AM]: Creating new connection object"}
{"level":"INFO","message":"[3:58:31.302 AM]: Creating Connection[id: b9571bf9-50b6-4311-84c7-6a4dc418bbb2] with host: ARPPUUV-CN79982.snowflakecomputing.com, account: ARPPUUV-CN79982, accessUrl: https://ARPPUUV-CN79982.snowflakecomputing.com, user: alansj, role: ACCOUNTADMIN, database: HOUSE_INTEL_DB, schema: CORE, warehouse: COMPUTE_WH, proxy was not configured, password is provided, region: undefined, authenticator: SNOWFLAKE, ocsp mode: FAIL_OPEN, os: linux, os version: 6.17.9-2-cachyos"}
{"level":"INFO","message":"[3:58:31.302 AM]: Connection[id: b9571bf9-50b6-4311-84c7-6a4dc418bbb2] additional details: passcode in password is provided, passcode is not provided, private key is not provided, application: undefined, client name: snowflake-sdk, client version: 2.3.3, retry timeout: 300, private key path: undefined, private key pass is not provided, client store temporary credential: false, browser response timeout: 120000"}
{"level":"INFO","message":"[3:58:31.302 AM]: Connection[id: b9571bf9-50b6-4311-84c7-6a4dc418bbb2] - connection object created successfully."}
{"level":"INFO","message":"[3:58:31.303 AM]: Connection[id: b9571bf9-50b6-4311-84c7-6a4dc418bbb2] - connecting. Associated Snowflake domain: GLOBAL"}
{"level":"INFO","message":"[3:58:31.381 AM]: Connection[id: b9571bf9-50b6-4311-84c7-6a4dc418bbb2] - authentication successful using: SNOWFLAKE"}
{"level":"INFO","message":"[3:58:31.382 AM]: Trying to initialize Easy Logging"}
{"level":"INFO","message":"[3:58:31.383 AM]: No client config detected."}
{"level":"INFO","message":"[3:58:31.384 AM]: No config file path found. Client config will not be used."}
{"level":"INFO","message":"[3:58:31.384 AM]: Easy Logging is disabled as no config has been found"}
{"level":"INFO","message":"[3:58:32.157 AM]: Connection[id: b9571bf9-50b6-4311-84c7-6a4dc418bbb2] - connection established successfully after 854.06 milliseconds"}
{"level":"INFO","message":"[4:11:54.189 AM]: Creating new connection object"}
{"level":"INFO","message":"[4:11:54.201 AM]: Creating Connection[id: fdc2b626-ac5f-46ed-95c0-085a8ed89d9e] with host: ARPPUUV-CN79982.snowflakecomputing.com, account: ARPPUUV-CN79982, accessUrl: https://ARPPUUV-CN79982.snowflakecomputing.com, user: alansj, role: ACCOUNTADMIN, database: HOUSE_INTEL_DB, schema: CORE, warehouse: COMPUTE_WH, proxy was not configured, password is provided, region: undefined, authenticator: SNOWFLAKE, ocsp mode: FAIL_OPEN, os: linux, os version: 6.17.9-2-cachyos"}
{"level":"INFO","message":"[4:11:54.201 AM]: Connection[id: fdc2b626-ac5f-46ed-95c0-085a8ed89d9e] additional details: passcode in password is provided, passcode is not provided, private key is not provided, application: undefined, client name: snowflake-sdk, client version: 2.3.3, retry timeout: 300, private key path: undefined, private key pass is not provided, client store temporary credential: false, browser response timeout: 120000"}
{"level":"INFO","message":"[4:11:54.201 AM]: Connection[id: fdc2b626-ac5f-46ed-95c0-085a8ed89d9e] - connection object created successfully."}
{"level":"INFO","message":"[4:11:54.202 AM]: Connection[id: fdc2b626-ac5f-46ed-95c0-085a8ed89d9e] - connecting. Associated Snowflake domain: GLOBAL"}
{"level":"INFO","message":"[4:11:54.278 AM]: Connection[id: fdc2b626-ac5f-46ed-95c0-085a8ed89d9e] - authentication successful using: SNOWFLAKE"}
{"level":"INFO","message":"[4:11:54.278 AM]: Trying to initialize Easy Logging"}
{"level":"INFO","message":"[4:11:54.280 AM]: No client config detected."}
{"level":"INFO","message":"[4:11:54.280 AM]: No config file path found. Client config will not be used."}
{"level":"INFO","message":"[4:11:54.281 AM]: Easy Logging is disabled as no config has been found"}
{"level":"INFO","message":"[4:11:55.063 AM]: Connection[id: fdc2b626-ac5f-46ed-95c0-085a8ed89d9e] - connection established successfully after 861.31 milliseconds"}
{"level":"INFO","message":"[4:19:05.830 AM]: Creating new connection object"}
{"level":"INFO","message":"[4:19:05.843 AM]: Creating Connection[id: 6ba1c30f-23af-42ea-8060-71d9e56394ee] with host: ARPPUUV-CN79982.snowflakecomputing.com, account: ARPPUUV-CN79982, accessUrl: https://ARPPUUV-CN79982.snowflakecomputing.com, user: alansj, role: ACCOUNTADMIN, database: HOUSE_INTEL_DB, schema: CORE, warehouse: COMPUTE_WH, proxy was not configured, password is provided, region: undefined, authenticator: SNOWFLAKE, ocsp mode: FAIL_OPEN, os: linux, os version: 6.17.9-2-cachyos"}
{"level":"INFO","message":"[4:19:05.844 AM]: Connection[id: 6ba1c30f-23af-42ea-8060-71d9e56394ee] additional details: passcode in password is provided, passcode is not provided, private key is not provided, application: undefined, client name: snowflake-sdk, client version: 2.3.3, retry timeout: 300, private key path: undefined, private key pass is not provided, client store temporary credential: false, browser response timeout: 120000"}
{"level":"INFO","message":"[4:19:05.844 AM]: Connection[id: 6ba1c30f-23af-42ea-8060-71d9e56394ee] - connection object created successfully."}
{"level":"INFO","message":"[4:19:05.844 AM]: Connection[id: 6ba1c30f-23af-42ea-8060-71d9e56394ee] - connecting. Associated Snowflake domain: GLOBAL"}
{"level":"INFO","message":"[4:19:05.925 AM]: Connection[id: 6ba1c30f-23af-42ea-8060-71d9e56394ee] - authentication successful using: SNOWFLAKE"}
{"level":"INFO","message":"[4:19:05.925 AM]: Trying to initialize Easy Logging"}
{"level":"INFO","message":"[4:19:05.927 AM]: No client config detected."}
{"level":"INFO","message":"[4:19:05.927 AM]: No config file path found. Client config will not be used."}
{"level":"INFO","message":"[4:19:05.927 AM]: Easy Logging is disabled as no config has been found"}
{"level":"INFO","message":"[4:19:06.793 AM]: Connection[id: 6ba1c30f-23af-42ea-8060-71d9e56394ee] - connection established successfully after 949.24 milliseconds"}
{"level":"INFO","message":"[4:19:35.579 AM]: Creating new connection object"}
{"level":"INFO","message":"[4:19:35.586 AM]: Creating Connection[id: a4751ee9-2282-48e1-ada9-3e70521c639f] with host: ARPPUUV-CN79982.snowflakecomputing.com, account: ARPPUUV-CN79982, accessUrl: https://ARPPUUV-CN79982.snowflakecomputing.com, user: alansj, role: ACCOUNTADMIN, database: HOUSE_INTEL_DB, schema: CORE, warehouse: COMPUTE_WH, proxy was not configured, password is provided, region: undefined, authenticator: SNOWFLAKE, ocsp mode: FAIL_OPEN, os: linux, os version: 6.17.9-2-cachyos"}
{"level":"INFO","message":"[4:19:35.586 AM]: Connection[id: a4751ee9-2282-48e1-ada9-3e70521c639f] additional details: passcode in password is provided, passcode is not provided, private key is not provided, application: undefined, client name: snowflake-sdk, client version: 2.3.3, retry timeout: 300, private key path: undefined, private key pass is not provided, client store temporary credential: false, browser response timeout: 120000"}
{"level":"INFO","message":"[4:19:35.587 AM]: Connection[id: a4751ee9-2282-48e1-ada9-3e70521c639f] - connection object created successfully."}
{"level":"INFO","message":"[4:19:35.587 AM]: Connection[id: a4751ee9-2282-48e1-ada9-3e70521c639f] - connecting. Associated Snowflake domain: GLOBAL"}
{"level":"INFO","message":"[4:19:35.660 AM]: Connection[id: a4751ee9-2282-48e1-ada9-3e70521c639f] - authentication successful using: SNOWFLAKE"}
{"level":"INFO","message":"[4:19:35.660 AM]: Trying to initialize Easy Logging"}
{"level":"INFO","message":"[4:19:35.662 AM]: No client config detected."}
{"level":"INFO","message":"[4:19:35.662 AM]: No config file path found. Client config will not be used."}
{"level":"INFO","message":"[4:19:35.662 AM]: Easy Logging is disabled as no config has been found"}
{"level":"INFO","message":"[4:19:36.390 AM]: Connection[id: a4751ee9-2282-48e1-ada9-3e70521c639f] - connection established successfully after 803.23 milliseconds"}
{"level":"INFO","message":"[4:22:02.725 AM]: Creating new connection object"}
{"level":"INFO","message":"[4:22:02.732 AM]: Creating Connection[id: 62c2687c-4e7c-49a4-9d6b-5d30ec4da049] with host: ARPPUUV-CN79982.snowflakecomputing.com, account: ARPPUUV-CN79982, accessUrl: https://ARPPUUV-CN79982.snowflakecomputing.com, user: alansj, role: ACCOUNTADMIN, database: HOUSE_INTEL_DB, schema: CORE, warehouse: COMPUTE_WH, proxy was not configured, password is provided, region: undefined, authenticator: SNOWFLAKE, ocsp mode: FAIL_OPEN, os: linux, os version: 6.17.9-2-cachyos"}
{"level":"INFO","message":"[4:22:02.732 AM]: Connection[id: 62c2687c-4e7c-49a4-9d6b-5d30ec4da049] additional details: passcode in password is provided, passcode is not provided, private key is not provided, application: undefined, client name: snowflake-sdk, client version: 2.3.3, retry timeout: 300, private key path: undefined, private key pass is not provided, client store temporary credential: false, browser response timeout: 120000"}
{"level":"INFO","message":"[4:22:02.732 AM]: Connection[id: 62c2687c-4e7c-49a4-9d6b-5d30ec4da049] - connection object created successfully."}
{"level":"INFO","message":"[4:22:02.733 AM]: Connection[id: 62c2687c-4e7c-49a4-9d6b-5d30ec4da049] - connecting. Associated Snowflake domain: GLOBAL"}
{"level":"INFO","message":"[4:22:02.794 AM]: Connection[id: 62c2687c-4e7c-49a4-9d6b-5d30ec4da049] - authentication successful using: SNOWFLAKE"}
{"level":"INFO","message":"[4:22:02.794 AM]: Trying to initialize Easy Logging"}
{"level":"INFO","message":"[4:22:02.796 AM]: No client config detected."}
{"level":"INFO","message":"[4:22:02.796 AM]: No config file path found. Client config will not be used."}
{"level":"INFO","message":"[4:22:02.796 AM]: Easy Logging is disabled as no config has been found"}
{"level":"INFO","message":"[4:22:03.569 AM]: Connection[id: 62c2687c-4e7c-49a4-9d6b-5d30ec4da049] - connection established successfully after 836.31 milliseconds"}
{"level":"INFO","message":"[4:25:27.012 AM]: Creating new connection object"}
{"level":"INFO","message":"[4:25:27.020 AM]: Creating Connection[id: f434c9dc-3482-4565-a95d-ff714d670518] with host: ARPPUUV-CN79982.snowflakecomputing.com, account: ARPPUUV-CN79982, accessUrl: https://ARPPUUV-CN79982.snowflakecomputing.com, user: alansj, role: ACCOUNTADMIN, database: HOUSE_INTEL_DB, schema: CORE, warehouse: COMPUTE_WH, proxy was not configured, password is provided, region: undefined, authenticator: SNOWFLAKE, ocsp mode: FAIL_OPEN, os: linux, os version: 6.17.9-2-cachyos"}
{"level":"INFO","message":"[4:25:27.020 AM]: Connection[id: f434c9dc-3482-4565-a95d-ff714d670518] additional details: passcode in password is provided, passcode is not provided, private key is not provided, application: undefined, client name: snowflake-sdk, client version: 2.3.3, retry timeout: 300, private key path: undefined, private key pass is not provided, client store temporary credential: false, browser response timeout: 120000"}
{"level":"INFO","message":"[4:25:27.021 AM]: Connection[id: f434c9dc-3482-4565-a95d-ff714d670518] - connection object created successfully."}
{"level":"INFO","message":"[4:25:27.021 AM]: Connection[id: f434c9dc-3482-4565-a95d-ff714d670518] - connecting. Associated Snowflake domain: GLOBAL"}
{"level":"INFO","message":"[4:25:27.097 AM]: Connection[id: f434c9dc-3482-4565-a95d-ff714d670518] - authentication successful using: SNOWFLAKE"}
{"level":"INFO","message":"[4:25:27.098 AM]: Trying to initialize Easy Logging"}
{"level":"INFO","message":"[4:25:27.099 AM]: No client config detected."}
{"level":"INFO","message":"[4:25:27.100 AM]: No config file path found. Client config will not be used."}
{"level":"INFO","message":"[4:25:27.100 AM]: Easy Logging is disabled as no config has been found"}
{"level":"INFO","message":"[4:25:27.942 AM]: Connection[id: f434c9dc-3482-4565-a95d-ff714d670518] - connection established successfully after 921.13 milliseconds"}
{"level":"INFO","message":"[4:27:16.406 AM]: Creating new connection object"}
{"level":"INFO","message":"[4:27:16.413 AM]: Creating Connection[id: b1ce733a-9d24-4e8f-9605-ec957d3ea544] with host: ARPPUUV-CN79982.snowflakecomputing.com, account: ARPPUUV-CN79982, accessUrl: https://ARPPUUV-CN79982.snowflakecomputing.com, user: alansj, role: ACCOUNTADMIN, database: HOUSE_INTEL_DB, schema: CORE, warehouse: COMPUTE_WH, proxy was not configured, password is provided, region: undefined, authenticator: SNOWFLAKE, ocsp mode: FAIL_OPEN, os: linux, os version: 6.17.9-2-cachyos"}
{"level":"INFO","message":"[4:27:16.413 AM]: Connection[id: b1ce733a-9d24-4e8f-9605-ec957d3ea544] additional details: passcode in password is provided, passcode is not provided, private key is not provided, application: undefined, client name: snowflake-sdk, client version: 2.3.3, retry timeout: 300, private key path: undefined, private key pass is not provided, client store temporary credential: false, browser response timeout: 120000"}
{"level":"INFO","message":"[4:27:16.413 AM]: Connection[id: b1ce733a-9d24-4e8f-9605-ec957d3ea544] - connection object created successfully."}
{"level":"INFO","message":"[4:27:16.414 AM]: Connection[id: b1ce733a-9d24-4e8f-9605-ec957d3ea544] - connecting. Associated Snowflake domain: GLOBAL"}
{"level":"INFO","message":"[4:27:16.476 AM]: Connection[id: b1ce733a-9d24-4e8f-9605-ec957d3ea544] - authentication successful using: SNOWFLAKE"}
{"level":"INFO","message":"[4:27:16.476 AM]: Trying to initialize Easy Logging"}
{"level":"INFO","message":"[4:27:16.478 AM]: No client config detected."}
{"level":"INFO","message":"[4:27:16.478 AM]: No config file path found. Client config will not be used."}
{"level":"INFO","message":"[4:27:16.478 AM]: Easy Logging is disabled as no config has been found"}
{"level":"INFO","message":"[4:27:17.237 AM]: Connection[id: b1ce733a-9d24-4e8f-9605-ec957d3ea544] - connection established successfully after 823.32 milliseconds"}
{"level":"INFO","message":"[4:32:11.512 AM]: Creating new connection object"}
{"level":"INFO","message":"[4:32:11.519 AM]: Creating Connection[id: 27cd2a7b-f02b-4b6b-9c2c-f5aeba067b6b] with host: ARPPUUV-CN79982.snowflakecomputing.com, account: ARPPUUV-CN79982, accessUrl: https://ARPPUUV-CN79982.snowflakecomputing.com, user: alansj, role: ACCOUNTADMIN, database: HOUSE_INTEL_DB, schema: CORE, warehouse: COMPUTE_WH, proxy was not configured, password is provided, region: undefined, authenticator: SNOWFLAKE, ocsp mode: FAIL_OPEN, os: linux, os version: 6.17.9-2-cachyos"}
{"level":"INFO","message":"[4:32:11.520 AM]: Connection[id: 27cd2a7b-f02b-4b6b-9c2c-f5aeba067b6b] additional details: passcode in password is provided, passcode is not provided, private key is not provided, application: undefined, client name: snowflake-sdk, client version: 2.3.3, retry timeout: 300, private key path: undefined, private key pass is not provided, client store temporary credential: false, browser response timeout: 120000"}
{"level":"INFO","message":"[4:32:11.520 AM]: Connection[id: 27cd2a7b-f02b-4b6b-9c2c-f5aeba067b6b] - connection object created successfully."}
{"level":"INFO","message":"[4:32:11.520 AM]: Connection[id: 27cd2a7b-f02b-4b6b-9c2c-f5aeba067b6b] - connecting. Associated Snowflake domain: GLOBAL"}
{"level":"INFO","message":"[4:32:11.596 AM]: Connection[id: 27cd2a7b-f02b-4b6b-9c2c-f5aeba067b6b] - authentication successful using: SNOWFLAKE"}
{"level":"INFO","message":"[4:32:11.596 AM]: Trying to initialize Easy Logging"}
{"level":"INFO","message":"[4:32:11.598 AM]: No client config detected."}
{"level":"INFO","message":"[4:32:11.598 AM]: No config file path found. Client config will not be used."}
{"level":"INFO","message":"[4:32:11.599 AM]: Easy Logging is disabled as no config has been found"}
{"level":"INFO","message":"[4:32:12.355 AM]: Connection[id: 27cd2a7b-f02b-4b6b-9c2c-f5aeba067b6b] - connection established successfully after 834.94 milliseconds"}
{"level":"INFO","message":"[4:34:22.730 AM]: Creating new connection object"}
{"level":"INFO","message":"[4:34:22.737 AM]: Creating Connection[id: 39ce0ffd-f25e-43bb-bb2b-be07e95a6955] with host: ARPPUUV-CN79982.snowflakecomputing.com, account: ARPPUUV-CN79982, accessUrl: https://ARPPUUV-CN79982.snowflakecomputing.com, user: alansj, role: ACCOUNTADMIN, database: HOUSE_INTEL_DB, schema: CORE, warehouse: COMPUTE_WH, proxy was not configured, password is provided, region: undefined, authenticator: SNOWFLAKE, ocsp mode: FAIL_OPEN, os: linux, os version: 6.17.9-2-cachyos"}
{"level":"INFO","message":"[4:34:22.738 AM]: Connection[id: 39ce0ffd-f25e-43bb-bb2b-be07e95a6955] additional details: passcode in password is provided, passcode is not provided, private key is not provided, application: undefined, client name: snowflake-sdk, client version: 2.3.3, retry timeout: 300, private key path: undefined, private key pass is not provided, client store temporary credential: false, browser response timeout: 120000"}
{"level":"INFO","message":"[4:34:22.738 AM]: Connection[id: 39ce0ffd-f25e-43bb-bb2b-be07e95a6955] - connection object created successfully."}
{"level":"INFO","message":"[4:34:22.738 AM]: Connection[id: 39ce0ffd-f25e-43bb-bb2b-be07e95a6955] - connecting. Associated Snowflake domain: GLOBAL"}
{"level":"INFO","message":"[4:34:22.816 AM]: Connection[id: 39ce0ffd-f25e-43bb-bb2b-be07e95a6955] - authentication successful using: SNOWFLAKE"}
{"level":"INFO","message":"[4:34:22.816 AM]: Trying to initialize Easy Logging"}
{"level":"INFO","message":"[4:34:22.818 AM]: No client config detected."}
{"level":"INFO","message":"[4:34:22.818 AM]: No config file path found. Client config will not be used."}
{"level":"INFO","message":"[4:34:22.818 AM]: Easy Logging is disabled as no config has been found"}
{"level":"INFO","message":"[4:34:23.612 AM]: Connection[id: 39ce0ffd-f25e-43bb-bb2b-be07e95a6955] - connection established successfully after 873.09 milliseconds"}
{"level":"INFO","message":"[4:37:48.581 AM]: Creating new connection object"}
{"level":"INFO","message":"[4:37:48.589 AM]: Creating Connection[id: 7b613b3e-e41f-410d-8510-8dab0525f2e8] with host: ARPPUUV-CN79982.snowflakecomputing.com, account: ARPPUUV-CN79982, accessUrl: https://ARPPUUV-CN79982.snowflakecomputing.com, user: alansj, role: ACCOUNTADMIN, database: HOUSE_INTEL_DB, schema: CORE, warehouse: COMPUTE_WH, proxy was not configured, password is provided, region: undefined, authenticator: SNOWFLAKE, ocsp mode: FAIL_OPEN, os: linux, os version: 6.17.9-2-cachyos"}
{"level":"INFO","message":"[4:37:48.589 AM]: Connection[id: 7b613b3e-e41f-410d-8510-8dab0525f2e8] additional details: passcode in password is provided, passcode is not provided, private key is not provided, application: undefined, client name: snowflake-sdk, client version: 2.3.3, retry timeout: 300, private key path: undefined, private key pass is not provided, client store temporary credential: false, browser response timeout: 120000"}
{"level":"INFO","message":"[4:37:48.589 AM]: Connection[id: 7b613b3e-e41f-410d-8510-8dab0525f2e8] - connection object created successfully."}
{"level":"INFO","message":"[4:37:48.590 AM]: Connection[id: 7b613b3e-e41f-410d-8510-8dab0525f2e8] - connecting. Associated Snowflake domain: GLOBAL"}
{"level":"INFO","message":"[4:37:48.673 AM]: Connection[id: 7b613b3e-e41f-410d-8510-8dab0525f2e8] - authentication successful using: SNOWFLAKE"}
{"level":"INFO","message":"[4:37:48.673 AM]: Trying to initialize Easy Logging"}
{"level":"INFO","message":"[4:37:48.676 AM]: No client config detected."}
{"level":"INFO","message":"[4:37:48.677 AM]: No config file path found. Client config will not be used."}
{"level":"INFO","message":"[4:37:48.677 AM]: Easy Logging is disabled as no config has been found"}
{"level":"INFO","message":"[4:37:49.530 AM]: Connection[id: 7b613b3e-e41f-410d-8510-8dab0525f2e8] - connection established successfully after 940.71 milliseconds"}
